2021-06-15 20:27:07,394 INFO org.springframework.boot.StartupInfoLogger [main] Starting ExamenAccesoDatosMayoApplication using Java 11.0.8 on DESKTOP-SPU9LGP with PID 4036 (C:\Users\shady\Documents\Proyectos_IntelliJ\ExamenAccesoDatosMayo\target\classes started by shady in C:\Users\shady\Documents\Proyectos_IntelliJ\ExamenAccesoDatosMayo)
2021-06-15 20:27:07,397 INFO org.springframework.boot.SpringApplication [main] No active profile set, falling back to default profiles: default
2021-06-15 20:27:07,931 INFO org.springframework.data.repository.config.RepositoryConfigurationDelegate [main] Bootstrapping Spring Data JPA repositories in DEFAULT mode.
2021-06-15 20:27:07,980 INFO org.springframework.data.repository.config.RepositoryConfigurationDelegate [main] Finished Spring Data repository scanning in 42 ms. Found 3 JPA repository interfaces.
2021-06-15 20:27:08,406 INFO org.springframework.boot.web.embedded.tomcat.TomcatWebServer [main] Tomcat initialized with port(s): 8080 (http)
2021-06-15 20:27:08,414 INFO org.apache.juli.logging.DirectJDKLog [main] Initializing ProtocolHandler ["http-nio-8080"]
2021-06-15 20:27:08,415 INFO org.apache.juli.logging.DirectJDKLog [main] Starting service [Tomcat]
2021-06-15 20:27:08,416 INFO org.apache.juli.logging.DirectJDKLog [main] Starting Servlet engine: [Apache Tomcat/9.0.45]
2021-06-15 20:27:08,502 INFO org.apache.juli.logging.DirectJDKLog [main] Initializing Spring embedded WebApplicationContext
2021-06-15 20:27:08,503 INFO org.springframework.boot.web.servlet.context.ServletWebServerApplicationContext [main] Root WebApplicationContext: initialization completed in 1075 ms
2021-06-15 20:27:08,635 INFO org.hibernate.jpa.internal.util.LogHelper [main] HHH000204: Processing PersistenceUnitInfo [name: default]
2021-06-15 20:27:08,684 INFO org.hibernate.Version [main] HHH000412: Hibernate ORM core version 5.4.30.Final
2021-06-15 20:27:08,769 INFO org.hibernate.annotations.common.reflection.java.JavaReflectionManager [main] HCANN000001: Hibernate Commons Annotations {5.1.2.Final}
2021-06-15 20:27:08,840 INFO com.zaxxer.hikari.HikariDataSource [main] HikariPool-1 - Starting...
2021-06-15 20:27:08,980 INFO com.zaxxer.hikari.HikariDataSource [main] HikariPool-1 - Start completed.
2021-06-15 20:27:08,994 INFO org.hibernate.dialect.Dialect [main] HHH000400: Using dialect: org.hibernate.dialect.MySQL55Dialect
2021-06-15 20:27:09,452 INFO org.hibernate.engine.transaction.jta.platform.internal.JtaPlatformInitiator [main] HHH000490: Using JtaPlatform implementation: [org.hibernate.engine.transaction.jta.platform.internal.NoJtaPlatform]
2021-06-15 20:27:09,459 INFO org.springframework.orm.jpa.AbstractEntityManagerFactoryBean [main] Initialized JPA EntityManagerFactory for persistence unit 'default'
2021-06-15 20:27:09,747 WARN org.springframework.boot.autoconfigure.orm.jpa.JpaBaseConfiguration$JpaWebConfiguration [main] spring.jpa.open-in-view is enabled by default. Therefore, database queries may be performed during view rendering. Explicitly configure spring.jpa.open-in-view to disable this warning
2021-06-15 20:27:09,799 INFO org.springframework.scheduling.concurrent.ExecutorConfigurationSupport [main] Initializing ExecutorService 'applicationTaskExecutor'
2021-06-15 20:27:10,109 WARN org.springframework.boot.autoconfigure.thymeleaf.ThymeleafAutoConfiguration$DefaultTemplateResolverConfiguration [main] Cannot find template location: classpath:/templates/ (please add some templates or check your Thymeleaf configuration)
2021-06-15 20:27:10,213 INFO org.apache.juli.logging.DirectJDKLog [main] Starting ProtocolHandler ["http-nio-8080"]
2021-06-15 20:27:10,254 INFO org.springframework.boot.web.embedded.tomcat.TomcatWebServer [main] Tomcat started on port(s): 8080 (http) with context path ''
2021-06-15 20:27:10,261 INFO org.springframework.boot.StartupInfoLogger [main] Started ExamenAccesoDatosMayoApplication in 3.25 seconds (JVM running for 3.559)
2021-06-15 20:29:04,508 INFO org.apache.juli.logging.DirectJDKLog [http-nio-8080-exec-1] Initializing Spring DispatcherServlet 'dispatcherServlet'
2021-06-15 20:29:04,509 INFO org.springframework.web.servlet.FrameworkServlet [http-nio-8080-exec-1] Initializing Servlet 'dispatcherServlet'
2021-06-15 20:29:04,511 INFO org.springframework.web.servlet.FrameworkServlet [http-nio-8080-exec-1] Completed initialization in 2 ms
2021-06-15 20:29:04,544 INFO com.sanvalero.examenaccesodatosmayo.controller.UserController [http-nio-8080-exec-1] Init deleteUser
2021-06-15 20:29:04,625 INFO com.sanvalero.examenaccesodatosmayo.controller.UserController [http-nio-8080-exec-1] End deleteUser
2021-06-15 20:29:27,285 INFO com.sanvalero.examenaccesodatosmayo.controller.UserController [http-nio-8080-exec-3] Init getUser
2021-06-15 20:29:27,350 INFO com.sanvalero.examenaccesodatosmayo.controller.UserController [http-nio-8080-exec-3] End getUser
2021-06-15 20:30:54,318 INFO com.sanvalero.examenaccesodatosmayo.controller.UserController [http-nio-8080-exec-6] Init addLocation
2021-06-15 20:30:54,345 INFO com.sanvalero.examenaccesodatosmayo.controller.UserController [http-nio-8080-exec-6] End addLocation
2021-06-15 20:31:24,900 INFO com.sanvalero.examenaccesodatosmayo.controller.UserController [http-nio-8080-exec-7] Init addLocation
2021-06-15 20:33:58,512 INFO com.sanvalero.examenaccesodatosmayo.controller.UserController [http-nio-8080-exec-8] Init addLocation
2021-06-15 20:33:58,519 INFO com.sanvalero.examenaccesodatosmayo.controller.UserController [http-nio-8080-exec-8] End addLocation
2021-06-15 20:35:30,994 INFO org.springframework.boot.StartupInfoLogger [main] Starting ExamenAccesoDatosMayoApplication using Java 11.0.8 on DESKTOP-SPU9LGP with PID 6060 (C:\Users\shady\Documents\Proyectos_IntelliJ\ExamenAccesoDatosMayo\target\classes started by shady in C:\Users\shady\Documents\Proyectos_IntelliJ\ExamenAccesoDatosMayo)
2021-06-15 20:35:30,996 INFO org.springframework.boot.SpringApplication [main] No active profile set, falling back to default profiles: default
2021-06-15 20:35:31,440 INFO org.springframework.data.repository.config.RepositoryConfigurationDelegate [main] Bootstrapping Spring Data JPA repositories in DEFAULT mode.
2021-06-15 20:35:31,477 INFO org.springframework.data.repository.config.RepositoryConfigurationDelegate [main] Finished Spring Data repository scanning in 33 ms. Found 3 JPA repository interfaces.
2021-06-15 20:35:31,861 INFO org.springframework.boot.web.embedded.tomcat.TomcatWebServer [main] Tomcat initialized with port(s): 8080 (http)
2021-06-15 20:35:31,866 INFO org.apache.juli.logging.DirectJDKLog [main] Initializing ProtocolHandler ["http-nio-8080"]
2021-06-15 20:35:31,866 INFO org.apache.juli.logging.DirectJDKLog [main] Starting service [Tomcat]
2021-06-15 20:35:31,870 INFO org.apache.juli.logging.DirectJDKLog [main] Starting Servlet engine: [Apache Tomcat/9.0.45]
2021-06-15 20:35:31,937 INFO org.apache.juli.logging.DirectJDKLog [main] Initializing Spring embedded WebApplicationContext
2021-06-15 20:35:31,937 INFO org.springframework.boot.web.servlet.context.ServletWebServerApplicationContext [main] Root WebApplicationContext: initialization completed in 916 ms
2021-06-15 20:35:32,044 INFO org.hibernate.jpa.internal.util.LogHelper [main] HHH000204: Processing PersistenceUnitInfo [name: default]
2021-06-15 20:35:32,094 INFO org.hibernate.Version [main] HHH000412: Hibernate ORM core version 5.4.30.Final
2021-06-15 20:35:32,161 INFO org.hibernate.annotations.common.reflection.java.JavaReflectionManager [main] HCANN000001: Hibernate Commons Annotations {5.1.2.Final}
2021-06-15 20:35:32,230 INFO com.zaxxer.hikari.HikariDataSource [main] HikariPool-1 - Starting...
2021-06-15 20:35:32,324 INFO com.zaxxer.hikari.HikariDataSource [main] HikariPool-1 - Start completed.
2021-06-15 20:35:32,336 INFO org.hibernate.dialect.Dialect [main] HHH000400: Using dialect: org.hibernate.dialect.MySQL55Dialect
2021-06-15 20:35:32,706 INFO org.hibernate.engine.transaction.jta.platform.internal.JtaPlatformInitiator [main] HHH000490: Using JtaPlatform implementation: [org.hibernate.engine.transaction.jta.platform.internal.NoJtaPlatform]
2021-06-15 20:35:32,710 INFO org.springframework.orm.jpa.AbstractEntityManagerFactoryBean [main] Initialized JPA EntityManagerFactory for persistence unit 'default'
2021-06-15 20:35:32,989 WARN org.springframework.boot.autoconfigure.orm.jpa.JpaBaseConfiguration$JpaWebConfiguration [main] spring.jpa.open-in-view is enabled by default. Therefore, database queries may be performed during view rendering. Explicitly configure spring.jpa.open-in-view to disable this warning
2021-06-15 20:35:33,028 INFO org.springframework.scheduling.concurrent.ExecutorConfigurationSupport [main] Initializing ExecutorService 'applicationTaskExecutor'
2021-06-15 20:35:33,284 WARN org.springframework.boot.autoconfigure.thymeleaf.ThymeleafAutoConfiguration$DefaultTemplateResolverConfiguration [main] Cannot find template location: classpath:/templates/ (please add some templates or check your Thymeleaf configuration)
2021-06-15 20:35:33,383 INFO org.apache.juli.logging.DirectJDKLog [main] Starting ProtocolHandler ["http-nio-8080"]
2021-06-15 20:35:33,416 INFO org.springframework.boot.web.embedded.tomcat.TomcatWebServer [main] Tomcat started on port(s): 8080 (http) with context path ''
2021-06-15 20:35:33,422 INFO org.springframework.boot.StartupInfoLogger [main] Started ExamenAccesoDatosMayoApplication in 2.724 seconds (JVM running for 3.011)
2021-06-15 20:35:43,916 INFO org.apache.juli.logging.DirectJDKLog [http-nio-8080-exec-1] Initializing Spring DispatcherServlet 'dispatcherServlet'
2021-06-15 20:35:43,916 INFO org.springframework.web.servlet.FrameworkServlet [http-nio-8080-exec-1] Initializing Servlet 'dispatcherServlet'
2021-06-15 20:35:43,917 INFO org.springframework.web.servlet.FrameworkServlet [http-nio-8080-exec-1] Completed initialization in 0 ms
2021-06-15 20:35:43,999 INFO com.sanvalero.examenaccesodatosmayo.controller.UserController [http-nio-8080-exec-1] Init addLocation
2021-06-15 20:35:44,106 ERROR org.apache.juli.logging.DirectJDKLog [http-nio-8080-exec-1] Servlet.service() for servlet [dispatcherServlet] in context with path [] threw exception [Request processing failed; nested exception is java.lang.Exception: Email already exist] with root cause
java.lang.Exception: Email already exist
	at com.sanvalero.examenaccesodatosmayo.service.UserServiceImp.addUser(UserServiceImp.java:54)
	at com.sanvalero.examenaccesodatosmayo.controller.UserController.addUser(UserController.java:114)
	at java.base/jdk.internal.reflect.NativeMethodAccessorImpl.invoke0(Native Method)
	at java.base/jdk.internal.reflect.NativeMethodAccessorImpl.invoke(NativeMethodAccessorImpl.java:62)
	at java.base/jdk.internal.reflect.DelegatingMethodAccessorImpl.invoke(DelegatingMethodAccessorImpl.java:43)
	at java.base/java.lang.reflect.Method.invoke(Method.java:566)
	at org.springframework.web.method.support.InvocableHandlerMethod.doInvoke(InvocableHandlerMethod.java:197)
	at org.springframework.web.method.support.InvocableHandlerMethod.invokeForRequest(InvocableHandlerMethod.java:141)
	at org.springframework.web.servlet.mvc.method.annotation.ServletInvocableHandlerMethod.invokeAndHandle(ServletInvocableHandlerMethod.java:106)
	at org.springframework.web.servlet.mvc.method.annotation.RequestMappingHandlerAdapter.invokeHandlerMethod(RequestMappingHandlerAdapter.java:894)
	at org.springframework.web.servlet.mvc.method.annotation.RequestMappingHandlerAdapter.handleInternal(RequestMappingHandlerAdapter.java:808)
	at org.springframework.web.servlet.mvc.method.AbstractHandlerMethodAdapter.handle(AbstractHandlerMethodAdapter.java:87)
	at org.springframework.web.servlet.DispatcherServlet.doDispatch(DispatcherServlet.java:1060)
	at org.springframework.web.servlet.DispatcherServlet.doService(DispatcherServlet.java:962)
	at org.springframework.web.servlet.FrameworkServlet.processRequest(FrameworkServlet.java:1006)
	at org.springframework.web.servlet.FrameworkServlet.doPost(FrameworkServlet.java:909)
	at javax.servlet.http.HttpServlet.service(HttpServlet.java:652)
	at org.springframework.web.servlet.FrameworkServlet.service(FrameworkServlet.java:883)
	at javax.servlet.http.HttpServlet.service(HttpServlet.java:733)
	at org.apache.catalina.core.ApplicationFilterChain.internalDoFilter(ApplicationFilterChain.java:227)
	at org.apache.catalina.core.ApplicationFilterChain.doFilter(ApplicationFilterChain.java:162)
	at org.apache.tomcat.websocket.server.WsFilter.doFilter(WsFilter.java:53)
	at org.apache.catalina.core.ApplicationFilterChain.internalDoFilter(ApplicationFilterChain.java:189)
	at org.apache.catalina.core.ApplicationFilterChain.doFilter(ApplicationFilterChain.java:162)
	at org.springframework.web.servlet.resource.ResourceUrlEncodingFilter.doFilter(ResourceUrlEncodingFilter.java:67)
	at org.apache.catalina.core.ApplicationFilterChain.internalDoFilter(ApplicationFilterChain.java:189)
	at org.apache.catalina.core.ApplicationFilterChain.doFilter(ApplicationFilterChain.java:162)
	at org.springframework.web.filter.RequestContextFilter.doFilterInternal(RequestContextFilter.java:100)
	at org.springframework.web.filter.OncePerRequestFilter.doFilter(OncePerRequestFilter.java:119)
	at org.apache.catalina.core.ApplicationFilterChain.internalDoFilter(ApplicationFilterChain.java:189)
	at org.apache.catalina.core.ApplicationFilterChain.doFilter(ApplicationFilterChain.java:162)
	at org.springframework.web.filter.FormContentFilter.doFilterInternal(FormContentFilter.java:93)
	at org.springframework.web.filter.OncePerRequestFilter.doFilter(OncePerRequestFilter.java:119)
	at org.apache.catalina.core.ApplicationFilterChain.internalDoFilter(ApplicationFilterChain.java:189)
	at org.apache.catalina.core.ApplicationFilterChain.doFilter(ApplicationFilterChain.java:162)
	at org.springframework.web.filter.CharacterEncodingFilter.doFilterInternal(CharacterEncodingFilter.java:201)
	at org.springframework.web.filter.OncePerRequestFilter.doFilter(OncePerRequestFilter.java:119)
	at org.apache.catalina.core.ApplicationFilterChain.internalDoFilter(ApplicationFilterChain.java:189)
	at org.apache.catalina.core.ApplicationFilterChain.doFilter(ApplicationFilterChain.java:162)
	at org.apache.catalina.core.StandardWrapperValve.invoke(StandardWrapperValve.java:202)
	at org.apache.catalina.core.StandardContextValve.invoke(StandardContextValve.java:97)
	at org.apache.catalina.authenticator.AuthenticatorBase.invoke(AuthenticatorBase.java:542)
	at org.apache.catalina.core.StandardHostValve.invoke(StandardHostValve.java:143)
	at org.apache.catalina.valves.ErrorReportValve.invoke(ErrorReportValve.java:92)
	at org.apache.catalina.core.StandardEngineValve.invoke(StandardEngineValve.java:78)
	at org.apache.catalina.connector.CoyoteAdapter.service(CoyoteAdapter.java:357)
	at org.apache.coyote.http11.Http11Processor.service(Http11Processor.java:374)
	at org.apache.coyote.AbstractProcessorLight.process(AbstractProcessorLight.java:65)
	at org.apache.coyote.AbstractProtocol$ConnectionHandler.process(AbstractProtocol.java:893)
	at org.apache.tomcat.util.net.NioEndpoint$SocketProcessor.doRun(NioEndpoint.java:1707)
	at org.apache.tomcat.util.net.SocketProcessorBase.run(SocketProcessorBase.java:49)
	at java.base/java.util.concurrent.ThreadPoolExecutor.runWorker(ThreadPoolExecutor.java:1128)
	at java.base/java.util.concurrent.ThreadPoolExecutor$Worker.run(ThreadPoolExecutor.java:628)
	at org.apache.tomcat.util.threads.TaskThread$WrappingRunnable.run(TaskThread.java:61)
	at java.base/java.lang.Thread.run(Thread.java:834)
2021-06-15 20:37:17,429 INFO org.springframework.boot.StartupInfoLogger [main] Starting ExamenAccesoDatosMayoApplication using Java 11.0.8 on DESKTOP-SPU9LGP with PID 6972 (C:\Users\shady\Documents\Proyectos_IntelliJ\ExamenAccesoDatosMayo\target\classes started by shady in C:\Users\shady\Documents\Proyectos_IntelliJ\ExamenAccesoDatosMayo)
2021-06-15 20:37:17,431 INFO org.springframework.boot.SpringApplication [main] No active profile set, falling back to default profiles: default
2021-06-15 20:37:17,863 INFO org.springframework.data.repository.config.RepositoryConfigurationDelegate [main] Bootstrapping Spring Data JPA repositories in DEFAULT mode.
2021-06-15 20:37:17,902 INFO org.springframework.data.repository.config.RepositoryConfigurationDelegate [main] Finished Spring Data repository scanning in 33 ms. Found 3 JPA repository interfaces.
2021-06-15 20:37:18,303 INFO org.springframework.boot.web.embedded.tomcat.TomcatWebServer [main] Tomcat initialized with port(s): 8080 (http)
2021-06-15 20:37:18,308 INFO org.apache.juli.logging.DirectJDKLog [main] Initializing ProtocolHandler ["http-nio-8080"]
2021-06-15 20:37:18,308 INFO org.apache.juli.logging.DirectJDKLog [main] Starting service [Tomcat]
2021-06-15 20:37:18,312 INFO org.apache.juli.logging.DirectJDKLog [main] Starting Servlet engine: [Apache Tomcat/9.0.45]
2021-06-15 20:37:18,386 INFO org.apache.juli.logging.DirectJDKLog [main] Initializing Spring embedded WebApplicationContext
2021-06-15 20:37:18,386 INFO org.springframework.boot.web.servlet.context.ServletWebServerApplicationContext [main] Root WebApplicationContext: initialization completed in 929 ms
2021-06-15 20:37:18,489 INFO org.hibernate.jpa.internal.util.LogHelper [main] HHH000204: Processing PersistenceUnitInfo [name: default]
2021-06-15 20:37:18,532 INFO org.hibernate.Version [main] HHH000412: Hibernate ORM core version 5.4.30.Final
2021-06-15 20:37:18,597 INFO org.hibernate.annotations.common.reflection.java.JavaReflectionManager [main] HCANN000001: Hibernate Commons Annotations {5.1.2.Final}
2021-06-15 20:37:18,663 INFO com.zaxxer.hikari.HikariDataSource [main] HikariPool-1 - Starting...
2021-06-15 20:37:18,766 INFO com.zaxxer.hikari.HikariDataSource [main] HikariPool-1 - Start completed.
2021-06-15 20:37:18,776 INFO org.hibernate.dialect.Dialect [main] HHH000400: Using dialect: org.hibernate.dialect.MySQL55Dialect
2021-06-15 20:37:19,169 INFO org.hibernate.engine.transaction.jta.platform.internal.JtaPlatformInitiator [main] HHH000490: Using JtaPlatform implementation: [org.hibernate.engine.transaction.jta.platform.internal.NoJtaPlatform]
2021-06-15 20:37:19,173 INFO org.springframework.orm.jpa.AbstractEntityManagerFactoryBean [main] Initialized JPA EntityManagerFactory for persistence unit 'default'
2021-06-15 20:37:19,443 WARN org.springframework.boot.autoconfigure.orm.jpa.JpaBaseConfiguration$JpaWebConfiguration [main] spring.jpa.open-in-view is enabled by default. Therefore, database queries may be performed during view rendering. Explicitly configure spring.jpa.open-in-view to disable this warning
2021-06-15 20:37:19,482 INFO org.springframework.scheduling.concurrent.ExecutorConfigurationSupport [main] Initializing ExecutorService 'applicationTaskExecutor'
2021-06-15 20:37:19,749 WARN org.springframework.boot.autoconfigure.thymeleaf.ThymeleafAutoConfiguration$DefaultTemplateResolverConfiguration [main] Cannot find template location: classpath:/templates/ (please add some templates or check your Thymeleaf configuration)
2021-06-15 20:37:19,850 INFO org.apache.juli.logging.DirectJDKLog [main] Starting ProtocolHandler ["http-nio-8080"]
2021-06-15 20:37:19,864 INFO org.springframework.boot.web.embedded.tomcat.TomcatWebServer [main] Tomcat started on port(s): 8080 (http) with context path ''
2021-06-15 20:37:19,872 INFO org.springframework.boot.StartupInfoLogger [main] Started ExamenAccesoDatosMayoApplication in 2.745 seconds (JVM running for 3.028)
2021-06-15 20:37:23,927 INFO org.apache.juli.logging.DirectJDKLog [http-nio-8080-exec-2] Initializing Spring DispatcherServlet 'dispatcherServlet'
2021-06-15 20:37:23,928 INFO org.springframework.web.servlet.FrameworkServlet [http-nio-8080-exec-2] Initializing Servlet 'dispatcherServlet'
2021-06-15 20:37:23,929 INFO org.springframework.web.servlet.FrameworkServlet [http-nio-8080-exec-2] Completed initialization in 1 ms
2021-06-15 20:37:24,021 INFO com.sanvalero.examenaccesodatosmayo.controller.UserController [http-nio-8080-exec-2] Init addLocation
