2021-05-19 20:03:00,760 INFO org.springframework.boot.StartupInfoLogger [main] Starting ExamenAccesoDatosMayoApplication using Java 11.0.8 on DESKTOP-SPU9LGP with PID 16032 (C:\Users\shady\Documents\Proyectos_IntelliJ\ExamenAccesoDatosMayo\target\classes started by shady in C:\Users\shady\Documents\Proyectos_IntelliJ\ExamenAccesoDatosMayo)
2021-05-19 20:03:00,763 INFO org.springframework.boot.SpringApplication [main] No active profile set, falling back to default profiles: default
2021-05-19 20:03:01,252 INFO org.springframework.data.repository.config.RepositoryConfigurationDelegate [main] Bootstrapping Spring Data JPA repositories in DEFAULT mode.
2021-05-19 20:03:01,287 INFO org.springframework.data.repository.config.RepositoryConfigurationDelegate [main] Finished Spring Data repository scanning in 28 ms. Found 1 JPA repository interfaces.
2021-05-19 20:03:01,713 INFO org.springframework.boot.web.embedded.tomcat.TomcatWebServer [main] Tomcat initialized with port(s): 8080 (http)
2021-05-19 20:03:01,721 INFO org.apache.juli.logging.DirectJDKLog [main] Initializing ProtocolHandler ["http-nio-8080"]
2021-05-19 20:03:01,722 INFO org.apache.juli.logging.DirectJDKLog [main] Starting service [Tomcat]
2021-05-19 20:03:01,722 INFO org.apache.juli.logging.DirectJDKLog [main] Starting Servlet engine: [Apache Tomcat/9.0.45]
2021-05-19 20:03:01,809 INFO org.apache.juli.logging.DirectJDKLog [main] Initializing Spring embedded WebApplicationContext
2021-05-19 20:03:01,809 INFO org.springframework.boot.web.servlet.context.ServletWebServerApplicationContext [main] Root WebApplicationContext: initialization completed in 1015 ms
2021-05-19 20:03:01,933 INFO org.hibernate.jpa.internal.util.LogHelper [main] HHH000204: Processing PersistenceUnitInfo [name: default]
2021-05-19 20:03:01,974 INFO org.hibernate.Version [main] HHH000412: Hibernate ORM core version 5.4.30.Final
2021-05-19 20:03:02,047 INFO org.hibernate.annotations.common.reflection.java.JavaReflectionManager [main] HCANN000001: Hibernate Commons Annotations {5.1.2.Final}
2021-05-19 20:03:02,107 INFO com.zaxxer.hikari.HikariDataSource [main] HikariPool-1 - Starting...
2021-05-19 20:03:02,215 INFO com.zaxxer.hikari.HikariDataSource [main] HikariPool-1 - Start completed.
2021-05-19 20:03:02,226 INFO org.hibernate.dialect.Dialect [main] HHH000400: Using dialect: org.hibernate.dialect.MySQL55Dialect
2021-05-19 20:03:02,715 INFO org.hibernate.engine.transaction.jta.platform.internal.JtaPlatformInitiator [main] HHH000490: Using JtaPlatform implementation: [org.hibernate.engine.transaction.jta.platform.internal.NoJtaPlatform]
2021-05-19 20:03:02,722 INFO org.springframework.orm.jpa.AbstractEntityManagerFactoryBean [main] Initialized JPA EntityManagerFactory for persistence unit 'default'
2021-05-19 20:03:03,001 WARN org.springframework.boot.autoconfigure.orm.jpa.JpaBaseConfiguration$JpaWebConfiguration [main] spring.jpa.open-in-view is enabled by default. Therefore, database queries may be performed during view rendering. Explicitly configure spring.jpa.open-in-view to disable this warning
2021-05-19 20:03:03,045 INFO org.springframework.scheduling.concurrent.ExecutorConfigurationSupport [main] Initializing ExecutorService 'applicationTaskExecutor'
2021-05-19 20:03:03,333 WARN org.springframework.boot.autoconfigure.thymeleaf.ThymeleafAutoConfiguration$DefaultTemplateResolverConfiguration [main] Cannot find template location: classpath:/templates/ (please add some templates or check your Thymeleaf configuration)
2021-05-19 20:03:03,444 INFO org.apache.juli.logging.DirectJDKLog [main] Starting ProtocolHandler ["http-nio-8080"]
2021-05-19 20:03:03,460 INFO org.springframework.boot.web.embedded.tomcat.TomcatWebServer [main] Tomcat started on port(s): 8080 (http) with context path ''
2021-05-19 20:03:03,467 INFO org.springframework.boot.StartupInfoLogger [main] Started ExamenAccesoDatosMayoApplication in 3.036 seconds (JVM running for 3.35)
2021-05-19 20:04:03,743 INFO org.apache.juli.logging.DirectJDKLog [http-nio-8080-exec-1] Initializing Spring DispatcherServlet 'dispatcherServlet'
2021-05-19 20:04:03,744 INFO org.springframework.web.servlet.FrameworkServlet [http-nio-8080-exec-1] Initializing Servlet 'dispatcherServlet'
2021-05-19 20:04:03,745 INFO org.springframework.web.servlet.FrameworkServlet [http-nio-8080-exec-1] Completed initialization in 0 ms
2021-05-19 20:04:04,162 INFO org.springdoc.api.AbstractOpenApiResource [http-nio-8080-exec-3] Init duration for springdoc-openapi is: 237 ms
2021-05-19 20:04:49,572 INFO com.sanvalero.examenaccesodatosmayo.controller.UserController [http-nio-8080-exec-5] Init addLocation
2021-05-19 20:04:49,625 INFO com.sanvalero.examenaccesodatosmayo.controller.UserController [http-nio-8080-exec-5] End addLocation
2021-05-19 20:05:01,934 INFO com.sanvalero.examenaccesodatosmayo.controller.UserController [http-nio-8080-exec-6] Init getUser
2021-05-19 20:05:02,011 INFO com.sanvalero.examenaccesodatosmayo.controller.UserController [http-nio-8080-exec-6] End getUser
2021-05-19 20:15:39,783 INFO org.springframework.boot.StartupInfoLogger [main] Starting ExamenAccesoDatosMayoApplication using Java 11.0.8 on DESKTOP-SPU9LGP with PID 4072 (C:\Users\shady\Documents\Proyectos_IntelliJ\ExamenAccesoDatosMayo\target\classes started by shady in C:\Users\shady\Documents\Proyectos_IntelliJ\ExamenAccesoDatosMayo)
2021-05-19 20:15:39,785 INFO org.springframework.boot.SpringApplication [main] No active profile set, falling back to default profiles: default
2021-05-19 20:15:40,306 INFO org.springframework.data.repository.config.RepositoryConfigurationDelegate [main] Bootstrapping Spring Data JPA repositories in DEFAULT mode.
2021-05-19 20:15:40,341 INFO org.springframework.data.repository.config.RepositoryConfigurationDelegate [main] Finished Spring Data repository scanning in 30 ms. Found 1 JPA repository interfaces.
2021-05-19 20:15:40,783 INFO org.springframework.boot.web.embedded.tomcat.TomcatWebServer [main] Tomcat initialized with port(s): 8080 (http)
2021-05-19 20:15:40,790 INFO org.apache.juli.logging.DirectJDKLog [main] Initializing ProtocolHandler ["http-nio-8080"]
2021-05-19 20:15:40,792 INFO org.apache.juli.logging.DirectJDKLog [main] Starting service [Tomcat]
2021-05-19 20:15:40,792 INFO org.apache.juli.logging.DirectJDKLog [main] Starting Servlet engine: [Apache Tomcat/9.0.45]
2021-05-19 20:15:40,876 INFO org.apache.juli.logging.DirectJDKLog [main] Initializing Spring embedded WebApplicationContext
2021-05-19 20:15:40,876 INFO org.springframework.boot.web.servlet.context.ServletWebServerApplicationContext [main] Root WebApplicationContext: initialization completed in 1060 ms
2021-05-19 20:15:40,995 INFO org.hibernate.jpa.internal.util.LogHelper [main] HHH000204: Processing PersistenceUnitInfo [name: default]
2021-05-19 20:15:41,041 INFO org.hibernate.Version [main] HHH000412: Hibernate ORM core version 5.4.30.Final
2021-05-19 20:15:41,116 INFO org.hibernate.annotations.common.reflection.java.JavaReflectionManager [main] HCANN000001: Hibernate Commons Annotations {5.1.2.Final}
2021-05-19 20:15:41,178 INFO com.zaxxer.hikari.HikariDataSource [main] HikariPool-1 - Starting...
2021-05-19 20:15:41,287 INFO com.zaxxer.hikari.HikariDataSource [main] HikariPool-1 - Start completed.
2021-05-19 20:15:41,299 INFO org.hibernate.dialect.Dialect [main] HHH000400: Using dialect: org.hibernate.dialect.MySQL55Dialect
2021-05-19 20:15:41,725 INFO org.hibernate.engine.transaction.jta.platform.internal.JtaPlatformInitiator [main] HHH000490: Using JtaPlatform implementation: [org.hibernate.engine.transaction.jta.platform.internal.NoJtaPlatform]
2021-05-19 20:15:41,732 INFO org.springframework.orm.jpa.AbstractEntityManagerFactoryBean [main] Initialized JPA EntityManagerFactory for persistence unit 'default'
2021-05-19 20:15:42,012 WARN org.springframework.boot.autoconfigure.orm.jpa.JpaBaseConfiguration$JpaWebConfiguration [main] spring.jpa.open-in-view is enabled by default. Therefore, database queries may be performed during view rendering. Explicitly configure spring.jpa.open-in-view to disable this warning
2021-05-19 20:15:42,058 INFO org.springframework.scheduling.concurrent.ExecutorConfigurationSupport [main] Initializing ExecutorService 'applicationTaskExecutor'
2021-05-19 20:15:42,367 WARN org.springframework.boot.autoconfigure.thymeleaf.ThymeleafAutoConfiguration$DefaultTemplateResolverConfiguration [main] Cannot find template location: classpath:/templates/ (please add some templates or check your Thymeleaf configuration)
2021-05-19 20:15:42,481 INFO org.apache.juli.logging.DirectJDKLog [main] Starting ProtocolHandler ["http-nio-8080"]
2021-05-19 20:15:42,496 INFO org.springframework.boot.web.embedded.tomcat.TomcatWebServer [main] Tomcat started on port(s): 8080 (http) with context path ''
2021-05-19 20:15:42,502 INFO org.springframework.boot.StartupInfoLogger [main] Started ExamenAccesoDatosMayoApplication in 3.057 seconds (JVM running for 3.383)
2021-05-19 20:16:28,764 INFO org.apache.juli.logging.DirectJDKLog [http-nio-8080-exec-1] Initializing Spring DispatcherServlet 'dispatcherServlet'
2021-05-19 20:16:28,764 INFO org.springframework.web.servlet.FrameworkServlet [http-nio-8080-exec-1] Initializing Servlet 'dispatcherServlet'
2021-05-19 20:16:28,765 INFO org.springframework.web.servlet.FrameworkServlet [http-nio-8080-exec-1] Completed initialization in 1 ms
2021-05-19 20:16:28,842 INFO com.sanvalero.examenaccesodatosmayo.controller.UserController [http-nio-8080-exec-1] Init addLocation
2021-05-19 20:16:28,899 INFO com.sanvalero.examenaccesodatosmayo.controller.UserController [http-nio-8080-exec-1] End addLocation
2021-05-19 20:16:48,178 INFO com.sanvalero.examenaccesodatosmayo.controller.UserController [http-nio-8080-exec-3] Init addLocation
2021-05-19 20:16:48,182 INFO com.sanvalero.examenaccesodatosmayo.controller.UserController [http-nio-8080-exec-3] End addLocation
2021-05-19 20:17:19,132 INFO com.sanvalero.examenaccesodatosmayo.controller.UserController [http-nio-8080-exec-2] Init getUserById
2021-05-19 20:17:19,155 INFO com.sanvalero.examenaccesodatosmayo.controller.UserController [http-nio-8080-exec-2] End getUserById
2021-05-19 20:17:56,457 INFO com.sanvalero.examenaccesodatosmayo.controller.UserController [http-nio-8080-exec-5] Init modifyUserCash
2021-05-19 20:17:56,468 INFO com.sanvalero.examenaccesodatosmayo.controller.UserController [http-nio-8080-exec-5] End modifyUserCash
2021-05-19 20:18:23,923 INFO com.sanvalero.examenaccesodatosmayo.controller.UserController [http-nio-8080-exec-8] Init deleteUser
2021-05-19 20:18:23,937 INFO com.sanvalero.examenaccesodatosmayo.controller.UserController [http-nio-8080-exec-8] End deleteUser
2021-05-19 20:18:31,016 WARN org.springframework.web.servlet.handler.AbstractHandlerExceptionResolver [http-nio-8080-exec-7] Resolved [org.springframework.web.HttpRequestMethodNotSupportedException: Request method 'DELETE' not supported]
2021-05-19 20:18:34,985 INFO com.sanvalero.examenaccesodatosmayo.controller.UserController [http-nio-8080-exec-6] Init getUser
2021-05-19 20:18:35,049 INFO com.sanvalero.examenaccesodatosmayo.controller.UserController [http-nio-8080-exec-6] End getUser
2021-05-19 20:54:11,201 INFO org.springframework.boot.StartupInfoLogger [main] Starting ExamenAccesoDatosMayoApplication using Java 11.0.8 on DESKTOP-SPU9LGP with PID 10772 (C:\Users\shady\Documents\Proyectos_IntelliJ\ExamenAccesoDatosMayo\target\classes started by shady in C:\Users\shady\Documents\Proyectos_IntelliJ\ExamenAccesoDatosMayo)
2021-05-19 20:54:11,203 INFO org.springframework.boot.SpringApplication [main] No active profile set, falling back to default profiles: default
2021-05-19 20:54:11,730 INFO org.springframework.data.repository.config.RepositoryConfigurationDelegate [main] Bootstrapping Spring Data JPA repositories in DEFAULT mode.
2021-05-19 20:54:11,778 INFO org.springframework.data.repository.config.RepositoryConfigurationDelegate [main] Finished Spring Data repository scanning in 42 ms. Found 3 JPA repository interfaces.
2021-05-19 20:54:12,225 INFO org.springframework.boot.web.embedded.tomcat.TomcatWebServer [main] Tomcat initialized with port(s): 8080 (http)
2021-05-19 20:54:12,235 INFO org.apache.juli.logging.DirectJDKLog [main] Initializing ProtocolHandler ["http-nio-8080"]
2021-05-19 20:54:12,236 INFO org.apache.juli.logging.DirectJDKLog [main] Starting service [Tomcat]
2021-05-19 20:54:12,236 INFO org.apache.juli.logging.DirectJDKLog [main] Starting Servlet engine: [Apache Tomcat/9.0.45]
2021-05-19 20:54:12,329 INFO org.apache.juli.logging.DirectJDKLog [main] Initializing Spring embedded WebApplicationContext
2021-05-19 20:54:12,329 INFO org.springframework.boot.web.servlet.context.ServletWebServerApplicationContext [main] Root WebApplicationContext: initialization completed in 1096 ms
2021-05-19 20:54:12,456 INFO org.hibernate.jpa.internal.util.LogHelper [main] HHH000204: Processing PersistenceUnitInfo [name: default]
2021-05-19 20:54:12,502 INFO org.hibernate.Version [main] HHH000412: Hibernate ORM core version 5.4.30.Final
2021-05-19 20:54:12,584 INFO org.hibernate.annotations.common.reflection.java.JavaReflectionManager [main] HCANN000001: Hibernate Commons Annotations {5.1.2.Final}
2021-05-19 20:54:12,648 INFO com.zaxxer.hikari.HikariDataSource [main] HikariPool-1 - Starting...
2021-05-19 20:54:12,766 INFO com.zaxxer.hikari.HikariDataSource [main] HikariPool-1 - Start completed.
2021-05-19 20:54:12,779 INFO org.hibernate.dialect.Dialect [main] HHH000400: Using dialect: org.hibernate.dialect.MySQL55Dialect
2021-05-19 20:54:13,221 INFO org.hibernate.engine.transaction.jta.platform.internal.JtaPlatformInitiator [main] HHH000490: Using JtaPlatform implementation: [org.hibernate.engine.transaction.jta.platform.internal.NoJtaPlatform]
2021-05-19 20:54:13,227 INFO org.springframework.orm.jpa.AbstractEntityManagerFactoryBean [main] Initialized JPA EntityManagerFactory for persistence unit 'default'
2021-05-19 20:54:13,550 WARN org.springframework.boot.autoconfigure.orm.jpa.JpaBaseConfiguration$JpaWebConfiguration [main] spring.jpa.open-in-view is enabled by default. Therefore, database queries may be performed during view rendering. Explicitly configure spring.jpa.open-in-view to disable this warning
2021-05-19 20:54:13,599 INFO org.springframework.scheduling.concurrent.ExecutorConfigurationSupport [main] Initializing ExecutorService 'applicationTaskExecutor'
2021-05-19 20:54:13,898 WARN org.springframework.boot.autoconfigure.thymeleaf.ThymeleafAutoConfiguration$DefaultTemplateResolverConfiguration [main] Cannot find template location: classpath:/templates/ (please add some templates or check your Thymeleaf configuration)
2021-05-19 20:54:14,018 INFO org.apache.juli.logging.DirectJDKLog [main] Starting ProtocolHandler ["http-nio-8080"]
2021-05-19 20:54:14,059 INFO org.springframework.boot.web.embedded.tomcat.TomcatWebServer [main] Tomcat started on port(s): 8080 (http) with context path ''
2021-05-19 20:54:14,069 INFO org.springframework.boot.StartupInfoLogger [main] Started ExamenAccesoDatosMayoApplication in 3.21 seconds (JVM running for 3.536)
2021-05-19 20:54:54,279 INFO org.apache.juli.logging.DirectJDKLog [http-nio-8080-exec-1] Initializing Spring DispatcherServlet 'dispatcherServlet'
2021-05-19 20:54:54,280 INFO org.springframework.web.servlet.FrameworkServlet [http-nio-8080-exec-1] Initializing Servlet 'dispatcherServlet'
2021-05-19 20:54:54,281 INFO org.springframework.web.servlet.FrameworkServlet [http-nio-8080-exec-1] Completed initialization in 1 ms
2021-05-19 20:54:54,858 INFO org.springdoc.api.AbstractOpenApiResource [http-nio-8080-exec-4] Init duration for springdoc-openapi is: 395 ms
2021-05-19 20:55:44,855 INFO com.sanvalero.examenaccesodatosmayo.controller.BikeController [http-nio-8080-exec-6] Init addBike
2021-05-19 20:55:44,904 INFO com.sanvalero.examenaccesodatosmayo.controller.BikeController [http-nio-8080-exec-6] End addBike
2021-05-19 20:55:57,975 INFO com.sanvalero.examenaccesodatosmayo.controller.BikeController [http-nio-8080-exec-9] Init addBike
2021-05-19 20:55:57,983 INFO com.sanvalero.examenaccesodatosmayo.controller.BikeController [http-nio-8080-exec-9] End addBike
2021-05-19 20:56:06,869 INFO com.sanvalero.examenaccesodatosmayo.controller.BikeController [http-nio-8080-exec-8] Init addBike
2021-05-19 20:56:06,886 INFO com.sanvalero.examenaccesodatosmayo.controller.BikeController [http-nio-8080-exec-8] End addBike
2021-05-19 20:56:25,613 INFO com.sanvalero.examenaccesodatosmayo.controller.BikeController [http-nio-8080-exec-10] Init addBike
2021-05-19 20:56:25,617 INFO com.sanvalero.examenaccesodatosmayo.controller.BikeController [http-nio-8080-exec-10] End addBike
2021-05-19 20:56:34,367 INFO com.sanvalero.examenaccesodatosmayo.controller.BikeController [http-nio-8080-exec-1] Init getBikes
2021-05-19 20:56:34,450 INFO com.sanvalero.examenaccesodatosmayo.controller.BikeController [http-nio-8080-exec-1] End getBikes
2021-05-19 20:56:45,710 INFO com.sanvalero.examenaccesodatosmayo.controller.BikeController [http-nio-8080-exec-2] Init getBikeById
2021-05-19 20:56:45,720 INFO com.sanvalero.examenaccesodatosmayo.controller.BikeController [http-nio-8080-exec-2] End getBikeById
2021-05-19 20:58:40,519 INFO com.sanvalero.examenaccesodatosmayo.controller.RentController [http-nio-8080-exec-6] Init addRent
2021-05-19 20:58:40,540 INFO com.sanvalero.examenaccesodatosmayo.controller.RentController [http-nio-8080-exec-6] End addRent
2021-05-19 20:59:28,257 INFO com.sanvalero.examenaccesodatosmayo.controller.RentController [http-nio-8080-exec-5] Init addRent
2021-05-19 20:59:28,265 INFO com.sanvalero.examenaccesodatosmayo.controller.RentController [http-nio-8080-exec-5] End addRent
2021-05-19 20:59:36,884 INFO com.sanvalero.examenaccesodatosmayo.controller.RentController [http-nio-8080-exec-7] Init addRent
2021-05-19 20:59:36,931 INFO com.sanvalero.examenaccesodatosmayo.controller.RentController [http-nio-8080-exec-7] End addRent
2021-05-19 20:59:53,240 WARN org.springframework.web.servlet.handler.AbstractHandlerExceptionResolver [http-nio-8080-exec-9] Resolved [org.springframework.web.HttpRequestMethodNotSupportedException: Request method 'POST' not supported]
2021-05-19 20:59:57,353 INFO com.sanvalero.examenaccesodatosmayo.controller.RentController [http-nio-8080-exec-8] Init getRentById
2021-05-19 20:59:57,361 INFO com.sanvalero.examenaccesodatosmayo.controller.RentController [http-nio-8080-exec-8] End getRentById
2021-05-19 21:01:28,024 INFO org.springframework.boot.StartupInfoLogger [main] Starting ExamenAccesoDatosMayoApplication using Java 11.0.8 on DESKTOP-SPU9LGP with PID 3008 (C:\Users\shady\Documents\Proyectos_IntelliJ\ExamenAccesoDatosMayo\target\classes started by shady in C:\Users\shady\Documents\Proyectos_IntelliJ\ExamenAccesoDatosMayo)
2021-05-19 21:01:28,027 INFO org.springframework.boot.SpringApplication [main] No active profile set, falling back to default profiles: default
2021-05-19 21:01:28,529 INFO org.springframework.data.repository.config.RepositoryConfigurationDelegate [main] Bootstrapping Spring Data JPA repositories in DEFAULT mode.
2021-05-19 21:01:28,572 INFO org.springframework.data.repository.config.RepositoryConfigurationDelegate [main] Finished Spring Data repository scanning in 36 ms. Found 3 JPA repository interfaces.
2021-05-19 21:01:28,997 INFO org.springframework.boot.web.embedded.tomcat.TomcatWebServer [main] Tomcat initialized with port(s): 8080 (http)
2021-05-19 21:01:29,006 INFO org.apache.juli.logging.DirectJDKLog [main] Initializing ProtocolHandler ["http-nio-8080"]
2021-05-19 21:01:29,006 INFO org.apache.juli.logging.DirectJDKLog [main] Starting service [Tomcat]
2021-05-19 21:01:29,007 INFO org.apache.juli.logging.DirectJDKLog [main] Starting Servlet engine: [Apache Tomcat/9.0.45]
2021-05-19 21:01:29,086 INFO org.apache.juli.logging.DirectJDKLog [main] Initializing Spring embedded WebApplicationContext
2021-05-19 21:01:29,087 INFO org.springframework.boot.web.servlet.context.ServletWebServerApplicationContext [main] Root WebApplicationContext: initialization completed in 1029 ms
2021-05-19 21:01:29,200 INFO org.hibernate.jpa.internal.util.LogHelper [main] HHH000204: Processing PersistenceUnitInfo [name: default]
2021-05-19 21:01:29,243 INFO org.hibernate.Version [main] HHH000412: Hibernate ORM core version 5.4.30.Final
2021-05-19 21:01:29,316 INFO org.hibernate.annotations.common.reflection.java.JavaReflectionManager [main] HCANN000001: Hibernate Commons Annotations {5.1.2.Final}
2021-05-19 21:01:29,379 INFO com.zaxxer.hikari.HikariDataSource [main] HikariPool-1 - Starting...
2021-05-19 21:01:29,483 INFO com.zaxxer.hikari.HikariDataSource [main] HikariPool-1 - Start completed.
2021-05-19 21:01:29,493 INFO org.hibernate.dialect.Dialect [main] HHH000400: Using dialect: org.hibernate.dialect.MySQL55Dialect
2021-05-19 21:01:29,904 INFO org.hibernate.engine.transaction.jta.platform.internal.JtaPlatformInitiator [main] HHH000490: Using JtaPlatform implementation: [org.hibernate.engine.transaction.jta.platform.internal.NoJtaPlatform]
2021-05-19 21:01:29,910 INFO org.springframework.orm.jpa.AbstractEntityManagerFactoryBean [main] Initialized JPA EntityManagerFactory for persistence unit 'default'
2021-05-19 21:01:30,188 WARN org.springframework.boot.autoconfigure.orm.jpa.JpaBaseConfiguration$JpaWebConfiguration [main] spring.jpa.open-in-view is enabled by default. Therefore, database queries may be performed during view rendering. Explicitly configure spring.jpa.open-in-view to disable this warning
2021-05-19 21:01:30,231 INFO org.springframework.scheduling.concurrent.ExecutorConfigurationSupport [main] Initializing ExecutorService 'applicationTaskExecutor'
2021-05-19 21:01:30,527 WARN org.springframework.boot.autoconfigure.thymeleaf.ThymeleafAutoConfiguration$DefaultTemplateResolverConfiguration [main] Cannot find template location: classpath:/templates/ (please add some templates or check your Thymeleaf configuration)
2021-05-19 21:01:30,635 INFO org.apache.juli.logging.DirectJDKLog [main] Starting ProtocolHandler ["http-nio-8080"]
2021-05-19 21:01:30,671 INFO org.springframework.boot.web.embedded.tomcat.TomcatWebServer [main] Tomcat started on port(s): 8080 (http) with context path ''
2021-05-19 21:01:30,679 INFO org.springframework.boot.StartupInfoLogger [main] Started ExamenAccesoDatosMayoApplication in 2.978 seconds (JVM running for 3.3)
2021-05-19 21:02:59,837 INFO org.apache.juli.logging.DirectJDKLog [http-nio-8080-exec-2] Initializing Spring DispatcherServlet 'dispatcherServlet'
2021-05-19 21:02:59,837 INFO org.springframework.web.servlet.FrameworkServlet [http-nio-8080-exec-2] Initializing Servlet 'dispatcherServlet'
2021-05-19 21:02:59,838 INFO org.springframework.web.servlet.FrameworkServlet [http-nio-8080-exec-2] Completed initialization in 1 ms
2021-05-19 21:02:59,865 INFO com.sanvalero.examenaccesodatosmayo.controller.UserController [http-nio-8080-exec-2] Init getUserRentList
2021-05-19 21:02:59,915 INFO com.sanvalero.examenaccesodatosmayo.controller.UserController [http-nio-8080-exec-2] End getUserRentList
2021-05-19 21:09:00,436 INFO org.springframework.boot.StartupInfoLogger [main] Starting ExamenAccesoDatosMayoApplication using Java 11.0.8 on DESKTOP-SPU9LGP with PID 6820 (C:\Users\shady\Documents\Proyectos_IntelliJ\ExamenAccesoDatosMayo\target\classes started by shady in C:\Users\shady\Documents\Proyectos_IntelliJ\ExamenAccesoDatosMayo)
2021-05-19 21:09:00,438 INFO org.springframework.boot.SpringApplication [main] No active profile set, falling back to default profiles: default
2021-05-19 21:09:00,941 INFO org.springframework.data.repository.config.RepositoryConfigurationDelegate [main] Bootstrapping Spring Data JPA repositories in DEFAULT mode.
2021-05-19 21:09:00,983 INFO org.springframework.data.repository.config.RepositoryConfigurationDelegate [main] Finished Spring Data repository scanning in 38 ms. Found 3 JPA repository interfaces.
2021-05-19 21:09:01,409 INFO org.springframework.boot.web.embedded.tomcat.TomcatWebServer [main] Tomcat initialized with port(s): 8080 (http)
2021-05-19 21:09:01,416 INFO org.apache.juli.logging.DirectJDKLog [main] Initializing ProtocolHandler ["http-nio-8080"]
2021-05-19 21:09:01,417 INFO org.apache.juli.logging.DirectJDKLog [main] Starting service [Tomcat]
2021-05-19 21:09:01,417 INFO org.apache.juli.logging.DirectJDKLog [main] Starting Servlet engine: [Apache Tomcat/9.0.45]
2021-05-19 21:09:01,503 INFO org.apache.juli.logging.DirectJDKLog [main] Initializing Spring embedded WebApplicationContext
2021-05-19 21:09:01,504 INFO org.springframework.boot.web.servlet.context.ServletWebServerApplicationContext [main] Root WebApplicationContext: initialization completed in 1035 ms
2021-05-19 21:09:01,633 INFO org.hibernate.jpa.internal.util.LogHelper [main] HHH000204: Processing PersistenceUnitInfo [name: default]
2021-05-19 21:09:01,675 INFO org.hibernate.Version [main] HHH000412: Hibernate ORM core version 5.4.30.Final
2021-05-19 21:09:01,749 INFO org.hibernate.annotations.common.reflection.java.JavaReflectionManager [main] HCANN000001: Hibernate Commons Annotations {5.1.2.Final}
2021-05-19 21:09:01,807 INFO com.zaxxer.hikari.HikariDataSource [main] HikariPool-1 - Starting...
2021-05-19 21:09:01,913 INFO com.zaxxer.hikari.HikariDataSource [main] HikariPool-1 - Start completed.
2021-05-19 21:09:01,924 INFO org.hibernate.dialect.Dialect [main] HHH000400: Using dialect: org.hibernate.dialect.MySQL55Dialect
2021-05-19 21:09:02,337 INFO org.hibernate.engine.transaction.jta.platform.internal.JtaPlatformInitiator [main] HHH000490: Using JtaPlatform implementation: [org.hibernate.engine.transaction.jta.platform.internal.NoJtaPlatform]
2021-05-19 21:09:02,343 INFO org.springframework.orm.jpa.AbstractEntityManagerFactoryBean [main] Initialized JPA EntityManagerFactory for persistence unit 'default'
2021-05-19 21:09:02,628 WARN org.springframework.boot.autoconfigure.orm.jpa.JpaBaseConfiguration$JpaWebConfiguration [main] spring.jpa.open-in-view is enabled by default. Therefore, database queries may be performed during view rendering. Explicitly configure spring.jpa.open-in-view to disable this warning
2021-05-19 21:09:02,671 INFO org.springframework.scheduling.concurrent.ExecutorConfigurationSupport [main] Initializing ExecutorService 'applicationTaskExecutor'
2021-05-19 21:09:02,970 WARN org.springframework.boot.autoconfigure.thymeleaf.ThymeleafAutoConfiguration$DefaultTemplateResolverConfiguration [main] Cannot find template location: classpath:/templates/ (please add some templates or check your Thymeleaf configuration)
2021-05-19 21:09:03,081 INFO org.apache.juli.logging.DirectJDKLog [main] Starting ProtocolHandler ["http-nio-8080"]
2021-05-19 21:09:03,120 INFO org.springframework.boot.web.embedded.tomcat.TomcatWebServer [main] Tomcat started on port(s): 8080 (http) with context path ''
2021-05-19 21:09:03,126 INFO org.springframework.boot.StartupInfoLogger [main] Started ExamenAccesoDatosMayoApplication in 3.019 seconds (JVM running for 3.334)
